<?xml version="1.0" encoding="UTF-8"?>
<TestRun id="e2ff7ee0-f798-416d-acc7-dfca75779d1e" name="waraz@YASTOP 2010-03-06 13:21:00" runUser="YASTOP\waraz" xmlns="http://microsoft.com/schemas/VisualStudio/TeamTest/2006">
  <TestRunConfiguration name="Local Test Run" id="f286c604-8fb2-4969-97b0-ad9069529e2a">
    <Description>This is a default test run configuration for a local test run.</Description>
    <Deployment runDeploymentRoot="C:\Users\waraz\Desktop\syncSharpDev\TestLogger\bin\Debug\TestResults\waraz_YASTOP 2010-03-06 13_21_00" />
    <TestTypeSpecific />
  </TestRunConfiguration>
  <ResultSummary outcome="Inconclusive">
    <Counters total="1" executed="1" error="0" failed="0" timeout="0" aborted="0" inconclusive="1" passedButRunAborted="0" notRunnable="0" notExecuted="0" disconnected="0" warning="0" passed="0" completed="0" inProgress="0" pending="0" />
  </ResultSummary>
  <Times creation="2010-03-06T13:21:00.8125000+08:00" queuing="2010-03-06T13:21:04.1279297+08:00" start="2010-03-06T13:21:04.4433594+08:00" finish="2010-03-06T13:21:05.6337891+08:00" />
  <TestDefinitions>
    <UnitTest name="WriteLogTest" storage="c:\users\waraz\desktop\syncsharpdev\testlogger\bin\debug\testlogger.dll" id="baf458f2-f716-4d10-2b57-a0d79cbe3212">
      <Css projectStructure="" iteration="" />
      <Execution timeOut="1800000" id="87cc7246-feba-4cd0-bf1b-09e6f354cb26" />
      <Owners>
        <Owner name="" />
      </Owners>
      <TestMethod codeBase="C:/Users/waraz/Desktop/syncSharpDev/TestLogger/bin/Debug/TestLogger.dll" adapterTypeName="Microsoft.VisualStudio.TestTools.TestTypes.Unit.UnitTestAdapter, Microsoft.VisualStudio.QualityTools.Tips.UnitTest.Adapter" className="TestLogger.LoggerTest, TestLogger, Version=1.0.0.0, Culture=neutral, PublicKeyToken=null" name="WriteLogTest" />
    </UnitTest>
  </TestDefinitions>
  <TestLists>
    <TestList name="Results Not in a List" id="8c84fa94-04c1-424b-9868-57a2d4851a1d" />
    <TestList name="All Loaded Results" id="19431567-8539-422a-85d7-44ee4e166bda" />
  </TestLists>
  <TestEntries>
    <TestEntry testId="baf458f2-f716-4d10-2b57-a0d79cbe3212" executionId="87cc7246-feba-4cd0-bf1b-09e6f354cb26" testListId="8c84fa94-04c1-424b-9868-57a2d4851a1d" />
  </TestEntries>
  <Results>
    <UnitTestResult executionId="87cc7246-feba-4cd0-bf1b-09e6f354cb26" testId="baf458f2-f716-4d10-2b57-a0d79cbe3212" testName="WriteLogTest" computerName="YASTOP" duration="00:00:00.4559180" startTime="2010-03-06T13:21:04.6250000+08:00" endTime="2010-03-06T13:21:05.3486328+08:00" testType="13cdc9d9-ddb5-4fa4-a97d-d965ccfc6d4b" outcome="Inconclusive" testListId="8c84fa94-04c1-424b-9868-57a2d4851a1d">
      <Output>
        <ErrorInfo>
          <Message>Assert.Inconclusive failed. Verify the correctness of this test method.</Message>
          <StackTrace>   at TestLogger.LoggerTest.WriteLogTest() in C:\Users\waraz\Desktop\syncSharpDev\TestLogger\LoggerTest.cs:line 78
</StackTrace>
        </ErrorInfo>
      </Output>
    </UnitTestResult>
  </Results>
</TestRun>