<?xml version="1.0" encoding="UTF-8"?>
<TestRun id="9f95143d-04d1-463c-a915-14e8a572a8b4" name="waraz@YASTOP 2010-03-06 13:25:06" runUser="YASTOP\waraz" xmlns="http://microsoft.com/schemas/VisualStudio/TeamTest/2006">
  <TestRunConfiguration name="Local Test Run" id="f286c604-8fb2-4969-97b0-ad9069529e2a">
    <Description>This is a default test run configuration for a local test run.</Description>
    <Deployment runDeploymentRoot="C:\Users\waraz\Desktop\syncSharpDev\TestLogger\bin\Debug\TestResults\waraz_YASTOP 2010-03-06 13_25_06" />
    <TestTypeSpecific />
  </TestRunConfiguration>
  <ResultSummary outcome="Inconclusive">
    <Counters total="1" executed="1" error="0" failed="0" timeout="0" aborted="0" inconclusive="1" passedButRunAborted="0" notRunnable="0" notExecuted="0" disconnected="0" warning="0" passed="0" completed="0" inProgress="0" pending="0" />
  </ResultSummary>
  <Times creation="2010-03-06T13:25:06.0498047+08:00" queuing="2010-03-06T13:25:09.5312500+08:00" start="2010-03-06T13:25:09.8759766+08:00" finish="2010-03-06T13:25:10.9892578+08:00" />
  <TestDefinitions>
    <UnitTest name="WriteLogTest" storage="c:\users\waraz\desktop\syncsharpdev\testlogger\bin\debug\testlogger.dll" id="baf458f2-f716-4d10-2b57-a0d79cbe3212">
      <Css projectStructure="" iteration="" />
      <Execution timeOut="1800000" id="f5f0fc2b-d024-4cfb-9f4c-051ff3fd4839" />
      <Owners>
        <Owner name="" />
      </Owners>
      <TestMethod codeBase="C:/Users/waraz/Desktop/syncSharpDev/TestLogger/bin/Debug/TestLogger.dll" adapterTypeName="Microsoft.VisualStudio.TestTools.TestTypes.Unit.UnitTestAdapter, Microsoft.VisualStudio.QualityTools.Tips.UnitTest.Adapter" className="TestLogger.LoggerTest, TestLogger, Version=1.0.0.0, Culture=neutral, PublicKeyToken=null" name="WriteLogTest" />
    </UnitTest>
  </TestDefinitions>
  <TestLists>
    <TestList name="Results Not in a List" id="8c84fa94-04c1-424b-9868-57a2d4851a1d" />
    <TestList name="All Loaded Results" id="19431567-8539-422a-85d7-44ee4e166bda" />
  </TestLists>
  <TestEntries>
    <TestEntry testId="baf458f2-f716-4d10-2b57-a0d79cbe3212" executionId="f5f0fc2b-d024-4cfb-9f4c-051ff3fd4839" testListId="8c84fa94-04c1-424b-9868-57a2d4851a1d" />
  </TestEntries>
  <Results>
    <UnitTestResult executionId="f5f0fc2b-d024-4cfb-9f4c-051ff3fd4839" testId="baf458f2-f716-4d10-2b57-a0d79cbe3212" testName="WriteLogTest" computerName="YASTOP" duration="00:00:00.3958584" startTime="2010-03-06T13:25:10.0615235+08:00" endTime="2010-03-06T13:25:10.7656250+08:00" testType="13cdc9d9-ddb5-4fa4-a97d-d965ccfc6d4b" outcome="Inconclusive" testListId="8c84fa94-04c1-424b-9868-57a2d4851a1d">
      <Output>
        <ErrorInfo>
          <Message>Assert.Inconclusive failed. Verify the correctness of this test method.</Message>
          <StackTrace>   at TestLogger.LoggerTest.WriteLogTest() in C:\Users\waraz\Desktop\syncSharpDev\TestLogger\LoggerTest.cs:line 78
</StackTrace>
        </ErrorInfo>
      </Output>
    </UnitTestResult>
  </Results>
</TestRun>